<?xml version="1.0" encoding="UTF-8"?>
<!-- Generated by org.testng.reporters.JUnitReportReporter -->
<testsuite hostname="DESKTOP-8PDR25K" failures="0" tests="1" name="beauty.LaunchLoreal_Test" time="15.640" errors="0" timestamp="2024-03-20T20:16:35 IST" skipped="0">
  <testcase classname="beauty.LaunchLoreal_Test" name="loreal" time="15.640"/>
  <system-out/>
</testsuite> <!-- beauty.LaunchLoreal_Test -->
